Determining if the pthread_create exist failed with the following output:
Change Dir: /home/marta/Dropbox/msc/cpp/OrbitDetermination/CMakeFiles/CMakeTmp

Run Build Command:/usr/bin/make "cmTryCompileExec1885330515/fast"
/usr/bin/make -f CMakeFiles/cmTryCompileExec1885330515.dir/build.make CMakeFiles/cmTryCompileExec1885330515.dir/build
make[1]: Entering directory `/home/marta/Dropbox/msc/cpp/OrbitDetermination/CMakeFiles/CMakeTmp'
/usr/bin/cmake -E cmake_progress_report /home/marta/Dropbox/msc/cpp/OrbitDetermination/CMakeFiles/CMakeTmp/CMakeFiles 1
Building C object CMakeFiles/cmTryCompileExec1885330515.dir/CheckSymbolExists.c.o
/usr/bin/cc    -o CMakeFiles/cmTryCompileExec1885330515.dir/CheckSymbolExists.c.o   -c /home/marta/Dropbox/msc/cpp/OrbitDetermination/CMakeFiles/CMakeTmp/CheckSymbolExists.c
Linking C executable cmTryCompileExec1885330515
/usr/bin/cmake -E cmake_link_script CMakeFiles/cmTryCompileExec1885330515.dir/link.txt --verbose=1
/usr/bin/cc       CMakeFiles/cmTryCompileExec1885330515.dir/CheckSymbolExists.c.o  -o cmTryCompileExec1885330515 -rdynamic 
CMakeFiles/cmTryCompileExec1885330515.dir/CheckSymbolExists.c.o: In function `main':
CheckSymbolExists.c:(.text+0x16): undefined reference to `pthread_create'
collect2: error: ld returned 1 exit status
make[1]: *** [cmTryCompileExec1885330515] Error 1
make[1]: Leaving directory `/home/marta/Dropbox/msc/cpp/OrbitDetermination/CMakeFiles/CMakeTmp'
make: *** [cmTryCompileExec1885330515/fast] Error 2

File /home/marta/Dropbox/msc/cpp/OrbitDetermination/CMakeFiles/CMakeTmp/CheckSymbolExists.c:
/* */
#include <pthread.h>

int main(int argc, char** argv)
{
  (void)argv;
#ifndef pthread_create
  return ((int*)(&pthread_create))[argc];
#else
  (void)argc;
  return 0;
#endif
}

Determining if the function pthread_create exists in the pthreads failed with the following output:
Change Dir: /home/marta/Dropbox/msc/cpp/OrbitDetermination/CMakeFiles/CMakeTmp

Run Build Command:/usr/bin/make "cmTryCompileExec3486558620/fast"
/usr/bin/make -f CMakeFiles/cmTryCompileExec3486558620.dir/build.make CMakeFiles/cmTryCompileExec3486558620.dir/build
make[1]: Entering directory `/home/marta/Dropbox/msc/cpp/OrbitDetermination/CMakeFiles/CMakeTmp'
/usr/bin/cmake -E cmake_progress_report /home/marta/Dropbox/msc/cpp/OrbitDetermination/CMakeFiles/CMakeTmp/CMakeFiles 1
Building C object CMakeFiles/cmTryCompileExec3486558620.dir/CheckFunctionExists.c.o
/usr/bin/cc   -DCHECK_FUNCTION_EXISTS=pthread_create   -o CMakeFiles/cmTryCompileExec3486558620.dir/CheckFunctionExists.c.o   -c /usr/share/cmake-2.8/Modules/CheckFunctionExists.c
Linking C executable cmTryCompileExec3486558620
/usr/bin/cmake -E cmake_link_script CMakeFiles/cmTryCompileExec3486558620.dir/link.txt --verbose=1
/usr/bin/cc   -DCHECK_FUNCTION_EXISTS=pthread_create    CMakeFiles/cmTryCompileExec3486558620.dir/CheckFunctionExists.c.o  -o cmTryCompileExec3486558620 -rdynamic -lpthreads 
/usr/bin/ld: cannot find -lpthreads
collect2: error: ld returned 1 exit status
make[1]: *** [cmTryCompileExec3486558620] Error 1
make[1]: Leaving directory `/home/marta/Dropbox/msc/cpp/OrbitDetermination/CMakeFiles/CMakeTmp'
make: *** [cmTryCompileExec3486558620/fast] Error 2


