Determining if the pthread_create exist failed with the following output:
Change Dir: /home/marta/Dropbox/msc/cpp/OrbitDetermination/build/CMakeFiles/CMakeTmp

Run Build Command:/usr/bin/make "cmTryCompileExec499395736/fast"
/usr/bin/make -f CMakeFiles/cmTryCompileExec499395736.dir/build.make CMakeFiles/cmTryCompileExec499395736.dir/build
make[1]: Entering directory `/home/marta/Dropbox/msc/cpp/OrbitDetermination/build/CMakeFiles/CMakeTmp'
/usr/bin/cmake -E cmake_progress_report /home/marta/Dropbox/msc/cpp/OrbitDetermination/build/CMakeFiles/CMakeTmp/CMakeFiles 1
Building C object CMakeFiles/cmTryCompileExec499395736.dir/CheckSymbolExists.c.o
/usr/bin/cc    -o CMakeFiles/cmTryCompileExec499395736.dir/CheckSymbolExists.c.o   -c /home/marta/Dropbox/msc/cpp/OrbitDetermination/build/CMakeFiles/CMakeTmp/CheckSymbolExists.c
Linking C executable cmTryCompileExec499395736
/usr/bin/cmake -E cmake_link_script CMakeFiles/cmTryCompileExec499395736.dir/link.txt --verbose=1
/usr/bin/cc       CMakeFiles/cmTryCompileExec499395736.dir/CheckSymbolExists.c.o  -o cmTryCompileExec499395736 -rdynamic 
CMakeFiles/cmTryCompileExec499395736.dir/CheckSymbolExists.c.o: In function `main':
CheckSymbolExists.c:(.text+0x16): undefined reference to `pthread_create'
collect2: error: ld returned 1 exit status
make[1]: *** [cmTryCompileExec499395736] Error 1
make[1]: Leaving directory `/home/marta/Dropbox/msc/cpp/OrbitDetermination/build/CMakeFiles/CMakeTmp'
make: *** [cmTryCompileExec499395736/fast] Error 2

File /home/marta/Dropbox/msc/cpp/OrbitDetermination/build/CMakeFiles/CMakeTmp/CheckSymbolExists.c:
/* */
#include <pthread.h>

int main(int argc, char** argv)
{
  (void)argv;
#ifndef pthread_create
  return ((int*)(&pthread_create))[argc];
#else
  (void)argc;
  return 0;
#endif
}

Determining if the function pthread_create exists in the pthreads failed with the following output:
Change Dir: /home/marta/Dropbox/msc/cpp/OrbitDetermination/build/CMakeFiles/CMakeTmp

Run Build Command:/usr/bin/make "cmTryCompileExec289632220/fast"
/usr/bin/make -f CMakeFiles/cmTryCompileExec289632220.dir/build.make CMakeFiles/cmTryCompileExec289632220.dir/build
make[1]: Entering directory `/home/marta/Dropbox/msc/cpp/OrbitDetermination/build/CMakeFiles/CMakeTmp'
/usr/bin/cmake -E cmake_progress_report /home/marta/Dropbox/msc/cpp/OrbitDetermination/build/CMakeFiles/CMakeTmp/CMakeFiles 1
Building C object CMakeFiles/cmTryCompileExec289632220.dir/CheckFunctionExists.c.o
/usr/bin/cc   -DCHECK_FUNCTION_EXISTS=pthread_create   -o CMakeFiles/cmTryCompileExec289632220.dir/CheckFunctionExists.c.o   -c /usr/share/cmake-2.8/Modules/CheckFunctionExists.c
Linking C executable cmTryCompileExec289632220
/usr/bin/cmake -E cmake_link_script CMakeFiles/cmTryCompileExec289632220.dir/link.txt --verbose=1
/usr/bin/cc   -DCHECK_FUNCTION_EXISTS=pthread_create    CMakeFiles/cmTryCompileExec289632220.dir/CheckFunctionExists.c.o  -o cmTryCompileExec289632220 -rdynamic -lpthreads 
/usr/bin/ld: cannot find -lpthreads
collect2: error: ld returned 1 exit status
make[1]: *** [cmTryCompileExec289632220] Error 1
make[1]: Leaving directory `/home/marta/Dropbox/msc/cpp/OrbitDetermination/build/CMakeFiles/CMakeTmp'
make: *** [cmTryCompileExec289632220/fast] Error 2


